<?xml version="1.0" encoding="UTF-8"?>
<!-- Generated by org.testng.reporters.JUnitXMLReporter -->
<testsuite ignored="4" hostname="WKWIN5154091" failures="0" tests="1" name="Test-1" time="0.047" errors="0" timestamp="2020-01-13T15:54:05 IST">
  <testcase classname="learnTestNG.TestNGConcept1" name="test1" time="0.0"/>
  <testcase classname="learnTestNG.TestNGParent" name="@BeforeTest beforeTest" time="0.0">
    <ignored/>
  </testcase> <!-- @BeforeTest beforeTest -->
  <testcase classname="learnTestNG.TestNGParent" name="@AfterSuite afterSuite" time="0.0">
    <ignored/>
  </testcase> <!-- @AfterSuite afterSuite -->
  <testcase classname="learnTestNG.TestNGParent" name="@AfterTest afterTest" time="0.0">
    <ignored/>
  </testcase> <!-- @AfterTest afterTest -->
  <testcase classname="learnTestNG.TestNGParent" name="@BeforeSuite beforeSuite" time="0.0">
    <ignored/>
  </testcase> <!-- @BeforeSuite beforeSuite -->
</testsuite> <!-- Test-1 -->
