<?xml version="1.0" encoding="UTF-8"?>
<!-- Generated by org.testng.reporters.JUnitReportReporter -->
<testsuite hostname="WKWIN5154091" failures="0" tests="3" name="learnTestNG.DataProviderTest" time="25.414" errors="0" timestamp="2019-11-16T20:41:25 IST" skipped="0">
  <testcase classname="learnTestNG.DataProviderTest" name="createYahooAccount" time="8.040"/>
  <testcase classname="learnTestNG.DataProviderTest" name="createYahooAccount" time="7.201"/>
  <testcase classname="learnTestNG.DataProviderTest" name="createYahooAccount" time="10.173"/>
</testsuite> <!-- learnTestNG.DataProviderTest -->
