<?xml version="1.0" encoding="UTF-8"?>
<!-- Generated by org.testng.reporters.JUnitReportReporter -->
<testsuite hostname="WKWIN5154091" failures="0" tests="1" name="learnTestNG.ParametersRevision" time="7.967" errors="0" timestamp="2019-11-16T18:11:50 IST" skipped="0">
  <testcase classname="learnTestNG.ParametersRevision" name="launchBrowser" time="7.967"/>
</testsuite> <!-- learnTestNG.ParametersRevision -->
