<?xml version="1.0" encoding="UTF-8"?>
<!-- Generated by org.testng.reporters.JUnitReportReporter -->
<testsuite skipped="0" hostname="WKWIN5154091" name="learnCacheLookup.CacheLookupClass" tests="2" failures="0" timestamp="10 Aug 2019 16:25:00 GMT" time="140.296" errors="0">
  <testcase name="withoutCacheLookup" time="114.587" classname="learnCacheLookup.CacheLookupClass"/>
  <testcase name="withCacheLookup" time="25.709" classname="learnCacheLookup.CacheLookupClass"/>
</testsuite> <!-- learnCacheLookup.CacheLookupClass -->
