<?xml version="1.0" encoding="UTF-8"?>
<!-- Generated by org.testng.reporters.JUnitReportReporter -->
<testsuite hostname="WKWIN5154091" failures="0" tests="2" name="learnTestNG.ParallelExecution3" time="0.023" errors="0" timestamp="2020-01-12T15:44:45 IST" skipped="0">
  <testcase classname="learnTestNG.ParallelExecution3" name="parallelExecutionTest1" time="0.004"/>
  <testcase classname="learnTestNG.ParallelExecution3" name="parallelExecutionTest1" time="0.019"/>
</testsuite> <!-- learnTestNG.ParallelExecution3 -->
