<?xml version="1.0" encoding="UTF-8"?>
<!-- Generated by org.testng.reporters.JUnitReportReporter -->
<testsuite hostname="WKWIN5154091" failures="0" tests="2" name="learnTestNG.TestNGConcept1" time="0.000" errors="0" timestamp="2020-01-13T15:54:05 IST" skipped="0">
  <testcase classname="learnTestNG.TestNGConcept1" name="test1" time="0.000"/>
  <testcase classname="learnTestNG.TestNGConcept1" name="test1" time="0.000"/>
</testsuite> <!-- learnTestNG.TestNGConcept1 -->
