<?xml version="1.0" encoding="UTF-8"?>
<!-- Generated by org.testng.reporters.JUnitReportReporter -->
<testsuite hostname="WKWIN5154091" failures="0" tests="2" name="learnTestNG.GroupsConcept" time="0.022" errors="0" timestamp="2020-01-12T14:50:18 IST" skipped="0">
  <testcase classname="learnTestNG.GroupsConcept" name="groupsTest2" time="0.016"/>
  <testcase classname="learnTestNG.GroupsConcept" name="groupsTest3" time="0.006"/>
</testsuite> <!-- learnTestNG.GroupsConcept -->
