<?xml version="1.0" encoding="UTF-8"?>
<!-- Generated by org.testng.reporters.JUnitReportReporter -->
<testsuite hostname="WKWIN5154091" failures="0" tests="3" name="learnTestNG.ReadDataExcel" time="30.805" errors="0" timestamp="2020-01-16T22:20:37 IST" skipped="0">
  <testcase classname="learnTestNG.ReadDataExcel" name="createYahooUser" time="9.751"/>
  <testcase classname="learnTestNG.ReadDataExcel" name="createYahooUser" time="9.336"/>
  <testcase classname="learnTestNG.ReadDataExcel" name="createYahooUser" time="11.718"/>
</testsuite> <!-- learnTestNG.ReadDataExcel -->
