<?xml version="1.0" encoding="UTF-8"?>
<!-- Generated by org.testng.reporters.JUnitReportReporter -->
<testsuite hostname="WKWIN5154091" failures="0" tests="4" name="learnTestNG.TestNGConcept2" time="0.000" errors="0" timestamp="2020-01-13T15:50:14 IST" skipped="0">
  <testcase classname="learnTestNG.TestNGConcept2" name="test4" time="0.000"/>
  <testcase classname="learnTestNG.TestNGConcept2" name="test3" time="0.000"/>
  <testcase classname="learnTestNG.TestNGConcept2" name="test3" time="0.000"/>
  <testcase classname="learnTestNG.TestNGConcept2" name="test4" time="0.000"/>
</testsuite> <!-- learnTestNG.TestNGConcept2 -->
