<?xml version="1.0" encoding="UTF-8"?>
<!-- Generated by org.testng.reporters.JUnitReportReporter -->
<testsuite hostname="WKWIN5154091" failures="0" tests="1" name="learnTestNG.ParametersTest" time="34.317" errors="0" timestamp="2019-11-16T16:56:51 IST" skipped="0">
  <testcase classname="learnTestNG.ParametersTest" name="launchBrowser" time="34.317"/>
</testsuite> <!-- learnTestNG.ParametersTest -->
