<?xml version="1.0" encoding="UTF-8"?>
<!-- Generated by org.testng.reporters.JUnitReportReporter -->
<testsuite skipped="1" hostname="WKWIN5154091" name="learnTestNG.NegativePriority" tests="3" failures="0" timestamp="02 Aug 2019 17:14:02 GMT" time="0.023" errors="0">
  <testcase name="test2" time="0.020" classname="learnTestNG.NegativePriority"/>
  <testcase name="test3" time="0.003" classname="learnTestNG.NegativePriority"/>
  <testcase name="test1" classname="learnTestNG.NegativePriority">
    <skipped/>
  </testcase> <!-- test1 -->
</testsuite> <!-- learnTestNG.NegativePriority -->
