<?xml version="1.0" encoding="UTF-8"?>
<!-- Generated by org.testng.reporters.JUnitReportReporter -->
<testsuite hostname="WKWIN5154091" failures="0" tests="1" name="learnTestNG.CacheLookupConcept" time="132.701" errors="0" timestamp="2020-01-18T19:16:14 IST" skipped="0">
  <testcase classname="learnTestNG.CacheLookupConcept" name="enterText" time="132.701"/>
</testsuite> <!-- learnTestNG.CacheLookupConcept -->
