<?xml version="1.0" encoding="UTF-8"?>
<!-- Generated by org.testng.reporters.JUnitReportReporter -->
<testsuite skipped="0" hostname="WKWIN5154091" name="javaConcepts.Child" tests="3" failures="0" timestamp="29 Aug 2019 18:33:44 GMT" time="0.000" errors="0">
  <testcase name="childTest3" time="0.000" classname="javaConcepts.Child"/>
  <testcase name="childTest1" time="0.000" classname="javaConcepts.Child"/>
  <testcase name="childTest2" time="0.000" classname="javaConcepts.Child"/>
</testsuite> <!-- javaConcepts.Child -->
